TN:
SF:app.js
FNF:0
FNH:0
DA:1,1
DA:2,1
DA:3,1
DA:4,1
DA:5,1
DA:6,1
DA:7,1
DA:8,1
DA:9,1
DA:10,1
DA:11,1
DA:12,1
LF:12
LH:12
BRDA:5,0,0,0
BRF:1
BRH:0
end_of_record
TN:
SF:controller/product.js
FN:6,getProducts
FN:17,getProductById
FN:29,postProduct
FN:40,putProduct
FN:59,deleteProduct
FNF:5
FNH:5
FNDA:2,getProducts
FNDA:1,getProductById
FNDA:1,postProduct
FNDA:2,putProduct
FNDA:1,deleteProduct
DA:1,1
DA:2,1
DA:3,1
DA:4,1
DA:5,1
DA:6,1
DA:7,2
DA:8,2
DA:9,2
DA:10,2
DA:11,2
DA:12,2
DA:13,0
DA:14,0
DA:15,2
DA:16,1
DA:17,1
DA:18,1
DA:19,1
DA:20,1
DA:21,1
DA:22,1
DA:23,1
DA:24,1
DA:25,0
DA:26,0
DA:27,1
DA:28,1
DA:29,1
DA:30,1
DA:31,1
DA:32,1
DA:33,1
DA:34,1
DA:35,1
DA:36,0
DA:37,0
DA:38,1
DA:39,1
DA:40,1
DA:41,2
DA:42,2
DA:43,2
DA:44,2
DA:45,2
DA:46,2
DA:47,1
DA:48,1
DA:49,1
DA:50,1
DA:51,1
DA:52,1
DA:53,1
DA:54,1
DA:55,1
DA:56,1
DA:57,2
DA:58,1
DA:59,1
DA:60,1
DA:61,1
DA:62,1
DA:63,1
DA:64,1
DA:65,1
DA:66,1
DA:67,0
DA:68,0
DA:69,1
LF:69
LH:61
BRDA:6,0,0,2
BRDA:12,1,0,0
BRDA:17,2,0,1
BRDA:24,3,0,0
BRDA:29,4,0,1
BRDA:35,5,0,0
BRDA:40,6,0,2
BRDA:46,7,0,1
BRDA:59,8,0,1
BRDA:66,9,0,0
BRF:10
BRH:6
end_of_record
TN:
SF:controller/shoppingCart.js
FN:6,getCartById
FN:17,postCart
FN:28,postProductByCartId
FNF:3
FNH:3
FNDA:1,getCartById
FNDA:1,postCart
FNDA:2,postProductByCartId
DA:1,1
DA:2,1
DA:3,1
DA:4,1
DA:5,1
DA:6,1
DA:7,1
DA:8,1
DA:9,1
DA:10,1
DA:11,1
DA:12,1
DA:13,0
DA:14,0
DA:15,1
DA:16,1
DA:17,1
DA:18,1
DA:19,1
DA:20,1
DA:21,1
DA:22,1
DA:23,1
DA:24,0
DA:25,0
DA:26,1
DA:27,1
DA:28,1
DA:29,2
DA:30,2
DA:31,2
DA:32,2
DA:33,2
DA:34,2
DA:35,2
DA:36,0
DA:37,0
DA:38,2
LF:38
LH:32
BRDA:6,0,0,1
BRDA:12,1,0,0
BRDA:17,2,0,1
BRDA:23,3,0,0
BRDA:28,4,0,2
BRDA:35,5,0,0
BRF:6
BRH:3
end_of_record
TN:
SF:daos/CartDao.js
FN:5,getOne
FN:23,create
FN:40,insert
FNF:3
FNH:3
FNDA:6,getOne
FNDA:1,create
FNDA:2,insert
DA:1,1
DA:2,1
DA:3,1
DA:4,1
DA:5,1
DA:6,6
DA:7,6
DA:8,6
DA:9,4
DA:10,4
DA:11,4
DA:12,4
DA:13,4
DA:14,4
DA:15,4
DA:16,4
DA:17,4
DA:18,5
DA:19,0
DA:20,0
DA:21,6
DA:22,1
DA:23,1
DA:24,1
DA:25,1
DA:26,1
DA:27,1
DA:28,1
DA:29,2
DA:30,2
DA:31,2
DA:32,2
DA:33,1
DA:34,1
DA:35,1
DA:36,0
DA:37,0
DA:38,1
DA:39,1
DA:40,1
DA:41,2
DA:42,2
DA:43,2
DA:44,2
DA:45,2
DA:46,2
DA:47,2
DA:48,2
DA:49,1
DA:50,1
DA:51,1
DA:52,1
DA:53,2
DA:54,2
DA:55,2
DA:56,2
DA:57,2
DA:58,2
DA:59,2
DA:60,3
DA:61,3
DA:62,3
DA:63,3
DA:64,2
DA:65,2
DA:66,2
DA:67,0
DA:68,0
DA:69,2
DA:70,1
DA:71,1
DA:72,1
LF:72
LH:66
BRDA:5,0,0,6
BRDA:8,1,0,2
BRDA:8,2,0,5
BRDA:8,3,0,4
BRDA:18,4,0,0
BRDA:11,5,0,4
BRDA:23,6,0,1
BRDA:35,7,0,0
BRDA:28,8,0,2
BRDA:40,9,0,2
BRDA:48,10,0,1
BRDA:66,11,0,0
BRDA:59,12,0,3
BRF:13
BRH:10
end_of_record
TN:
SF:daos/ProductDao.js
FN:4,getAll
FN:24,getOne
FN:46,getOneCode
FN:67,create
FN:87,update
FN:107,delete
FNF:6
FNH:6
FNDA:2,getAll
FNDA:13,getOne
FNDA:5,getOneCode
FNDA:1,create
FNDA:1,update
FNDA:1,delete
DA:1,1
DA:2,1
DA:3,1
DA:4,1
DA:5,2
DA:6,2
DA:7,2
DA:8,4
DA:9,4
DA:10,4
DA:11,4
DA:12,4
DA:13,4
DA:14,4
DA:15,4
DA:16,4
DA:17,2
DA:18,2
DA:19,0
DA:20,0
DA:21,0
DA:22,2
DA:23,1
DA:24,1
DA:25,13
DA:26,13
DA:27,13
DA:28,9
DA:29,9
DA:30,9
DA:31,9
DA:32,9
DA:33,9
DA:34,9
DA:35,9
DA:36,9
DA:37,9
DA:38,9
DA:39,13
DA:40,13
DA:41,1
DA:42,1
DA:43,1
DA:44,13
DA:45,1
DA:46,1
DA:47,5
DA:48,5
DA:49,5
DA:50,3
DA:51,3
DA:52,3
DA:53,3
DA:54,3
DA:55,3
DA:56,3
DA:57,3
DA:58,3
DA:59,3
DA:60,5
DA:61,5
DA:62,0
DA:63,0
DA:64,0
DA:65,5
DA:66,1
DA:67,1
DA:68,1
DA:69,1
DA:70,1
DA:71,1
DA:72,1
DA:73,1
DA:74,1
DA:75,1
DA:76,1
DA:77,1
DA:78,1
DA:79,1
DA:80,1
DA:81,1
DA:82,0
DA:83,0
DA:84,0
DA:85,1
DA:86,1
DA:87,1
DA:88,1
DA:89,1
DA:90,1
DA:91,1
DA:92,1
DA:93,1
DA:94,1
DA:95,1
DA:96,1
DA:97,1
DA:98,1
DA:99,1
DA:100,1
DA:101,1
DA:102,0
DA:103,0
DA:104,0
DA:105,1
DA:106,1
DA:107,1
DA:108,1
DA:109,1
DA:110,1
DA:111,1
DA:112,1
DA:113,1
DA:114,1
DA:115,1
DA:116,1
DA:117,1
DA:118,1
DA:119,1
DA:120,1
DA:121,1
DA:122,0
DA:123,0
DA:124,0
DA:125,1
DA:126,1
DA:127,1
DA:128,1
LF:128
LH:113
BRDA:4,0,0,2
BRDA:18,1,0,0
BRDA:7,2,0,4
BRDA:24,3,0,13
BRDA:26,4,0,12
BRDA:27,5,0,3
BRDA:27,6,0,9
BRDA:40,7,0,1
BRDA:46,8,0,5
BRDA:49,9,0,3
BRDA:49,10,0,2
BRDA:61,11,0,0
BRDA:67,12,0,1
BRDA:81,13,0,0
BRDA:87,14,0,1
BRDA:101,15,0,0
BRDA:107,16,0,1
BRDA:121,17,0,0
BRF:18
BRH:13
end_of_record
TN:
SF:database/config.js
FN:5,<static_initializer>
FN:7,DbConnection
FN:9,getInstance
FN:14,connect
FNF:4
FNH:4
FNDA:4,<static_initializer>
FNDA:4,DbConnection
FNDA:4,getInstance
FNDA:3,connect
DA:1,1
DA:2,1
DA:3,1
DA:4,1
DA:5,1
DA:6,1
DA:7,1
DA:8,1
DA:9,1
DA:10,4
DA:11,4
DA:12,4
DA:13,1
DA:14,1
DA:15,3
DA:16,3
DA:17,3
DA:18,3
DA:19,3
DA:20,3
DA:21,0
DA:22,0
DA:23,0
DA:24,3
DA:25,1
DA:26,1
DA:27,1
DA:28,1
LF:28
LH:25
BRDA:5,0,0,4
BRDA:7,1,0,4
BRDA:9,2,0,4
BRDA:14,3,0,3
BRDA:20,4,0,0
BRF:5
BRH:4
end_of_record
TN:
SF:helpers/dbValidators.js
FN:4,codeExist
FN:14,productExist
FN:24,cartExist
FNF:3
FNH:3
FNDA:3,codeExist
FNDA:12,productExist
FNDA:5,cartExist
DA:1,1
DA:2,1
DA:3,1
DA:4,1
DA:5,3
DA:6,3
DA:7,3
DA:8,3
DA:9,3
DA:10,2
DA:11,2
DA:12,3
DA:13,1
DA:14,1
DA:15,12
DA:16,12
DA:17,12
DA:18,12
DA:19,12
DA:20,4
DA:21,4
DA:22,12
DA:23,1
DA:24,1
DA:25,5
DA:26,5
DA:27,5
DA:28,5
DA:29,5
DA:30,2
DA:31,2
DA:32,5
LF:32
LH:32
BRDA:4,0,0,3
BRDA:8,1,0,2
BRDA:9,2,0,2
BRDA:14,3,0,12
BRDA:17,4,0,11
BRDA:18,5,0,3
BRDA:19,6,0,4
BRDA:24,7,0,5
BRDA:28,8,0,2
BRDA:29,9,0,2
BRF:10
BRH:10
end_of_record
TN:
SF:managers/CartManager.js
FN:5,CartManager
FN:9,getOne
FN:17,create
FN:25,insert
FNF:4
FNH:4
FNDA:9,CartManager
FNDA:6,getOne
FNDA:1,create
FNDA:2,insert
DA:1,1
DA:2,1
DA:3,1
DA:4,1
DA:5,1
DA:6,9
DA:7,9
DA:8,1
DA:9,1
DA:10,6
DA:11,6
DA:12,6
DA:13,0
DA:14,0
DA:15,6
DA:16,1
DA:17,1
DA:18,1
DA:19,1
DA:20,1
DA:21,0
DA:22,0
DA:23,1
DA:24,1
DA:25,1
DA:26,2
DA:27,2
DA:28,2
DA:29,0
DA:30,0
DA:31,2
DA:32,1
DA:33,1
DA:34,1
LF:34
LH:28
BRDA:5,0,0,9
BRDA:9,1,0,6
BRDA:12,2,0,0
BRDA:17,3,0,1
BRDA:20,4,0,0
BRDA:25,5,0,2
BRDA:28,6,0,0
BRF:7
BRH:4
end_of_record
TN:
SF:managers/ProductManager.js
FN:5,ProductManager
FN:9,getAll
FN:17,getOne
FN:25,getOneCode
FN:33,create
FN:41,update
FN:49,delete
FNF:7
FNH:7
FNDA:22,ProductManager
FNDA:2,getAll
FNDA:13,getOne
FNDA:5,getOneCode
FNDA:1,create
FNDA:1,update
FNDA:1,delete
DA:1,1
DA:2,1
DA:3,1
DA:4,1
DA:5,1
DA:6,22
DA:7,22
DA:8,1
DA:9,1
DA:10,2
DA:11,2
DA:12,2
DA:13,0
DA:14,0
DA:15,2
DA:16,1
DA:17,1
DA:18,13
DA:19,13
DA:20,13
DA:21,0
DA:22,0
DA:23,13
DA:24,1
DA:25,1
DA:26,5
DA:27,5
DA:28,5
DA:29,0
DA:30,0
DA:31,5
DA:32,1
DA:33,1
DA:34,1
DA:35,1
DA:36,1
DA:37,0
DA:38,0
DA:39,1
DA:40,1
DA:41,1
DA:42,1
DA:43,1
DA:44,1
DA:45,0
DA:46,0
DA:47,1
DA:48,1
DA:49,1
DA:50,1
DA:51,1
DA:52,1
DA:53,0
DA:54,0
DA:55,1
DA:56,1
DA:57,1
DA:58,1
LF:58
LH:46
BRDA:5,0,0,22
BRDA:9,1,0,2
BRDA:12,2,0,0
BRDA:17,3,0,13
BRDA:20,4,0,0
BRDA:25,5,0,5
BRDA:28,6,0,0
BRDA:33,7,0,1
BRDA:36,8,0,0
BRDA:41,9,0,1
BRDA:44,10,0,0
BRDA:49,11,0,1
BRDA:52,12,0,0
BRF:13
BRH:7
end_of_record
TN:
SF:middlewares/inputsValidate.js
FN:3,inputsValidation
FNF:1
FNH:1
FNDA:14,inputsValidation
DA:1,1
DA:2,1
DA:3,1
DA:4,14
DA:5,14
DA:6,9
DA:7,9
DA:8,1
DA:9,1
LF:9
LH:9
BRDA:3,0,0,14
BRDA:5,1,0,5
BRDA:5,2,0,9
BRF:3
BRH:3
end_of_record
TN:
SF:models/cartSchema.js
FNF:0
FNH:0
DA:1,1
DA:2,1
DA:3,1
DA:4,1
DA:5,1
DA:6,1
DA:7,1
DA:8,1
DA:9,1
DA:10,1
DA:11,1
DA:12,1
DA:13,1
DA:14,1
DA:15,1
DA:16,1
DA:17,1
DA:18,1
DA:19,1
DA:20,1
LF:20
LH:20
BRF:0
BRH:0
end_of_record
TN:
SF:models/productSchema.js
FNF:0
FNH:0
DA:1,1
DA:2,1
DA:3,1
DA:4,1
DA:5,1
DA:6,1
DA:7,1
DA:8,1
DA:9,1
DA:10,1
DA:11,1
DA:12,1
DA:13,1
DA:14,1
DA:15,1
DA:16,1
DA:17,1
DA:18,1
DA:19,1
DA:20,1
DA:21,1
DA:22,1
DA:23,1
DA:24,1
DA:25,1
DA:26,1
DA:27,1
DA:28,1
DA:29,1
DA:30,1
DA:31,1
DA:32,1
DA:33,1
DA:34,1
DA:35,1
DA:36,1
DA:37,1
DA:38,1
DA:39,1
LF:39
LH:39
BRF:0
BRH:0
end_of_record
TN:
SF:models/server.js
FN:7,Server
FN:20,connectDB
FN:24,middlewares
FN:30,routes
FN:35,start
FN:41,close
FNF:6
FNH:6
FNDA:3,Server
FNDA:3,connectDB
FNDA:3,middlewares
FNDA:3,routes
FNDA:3,start
FNDA:3,close
DA:1,1
DA:2,1
DA:3,1
DA:4,1
DA:5,1
DA:6,1
DA:7,1
DA:8,3
DA:9,3
DA:10,3
DA:11,3
DA:12,3
DA:13,3
DA:14,3
DA:15,3
DA:16,3
DA:17,3
DA:18,3
DA:19,1
DA:20,1
DA:21,3
DA:22,3
DA:23,1
DA:24,1
DA:25,3
DA:26,3
DA:27,3
DA:28,3
DA:29,1
DA:30,1
DA:31,3
DA:32,3
DA:33,3
DA:34,1
DA:35,1
DA:36,3
DA:37,3
DA:38,3
DA:39,3
DA:40,1
DA:41,1
DA:42,3
DA:43,3
DA:44,1
DA:45,1
DA:46,1
DA:47,1
LF:47
LH:47
BRDA:7,0,0,3
BRDA:15,1,0,0
BRDA:20,2,0,3
BRDA:24,3,0,3
BRDA:30,4,0,3
BRDA:35,5,0,3
BRDA:36,6,0,3
BRDA:41,7,0,3
BRF:8
BRH:7
end_of_record
TN:
SF:routes/index.js
FNF:0
FNH:0
DA:1,1
DA:2,1
DA:3,1
DA:4,1
LF:4
LH:4
BRF:0
BRH:0
end_of_record
TN:
SF:routes/products.js
FNF:0
FNH:0
DA:1,1
DA:2,1
DA:3,1
DA:4,1
DA:5,1
DA:6,1
DA:7,1
DA:8,1
DA:9,1
DA:10,1
DA:11,1
DA:12,1
DA:13,1
DA:14,1
DA:15,1
DA:16,1
DA:17,1
DA:18,1
DA:19,1
DA:20,1
DA:21,1
DA:22,1
DA:23,1
DA:24,1
DA:25,1
DA:26,1
DA:27,1
DA:28,1
DA:29,1
DA:30,1
DA:31,1
DA:32,1
DA:33,1
DA:34,1
DA:35,1
DA:36,1
DA:37,1
DA:38,1
DA:39,1
DA:40,1
DA:41,1
DA:42,1
DA:43,1
LF:43
LH:43
BRF:0
BRH:0
end_of_record
TN:
SF:routes/shoppingCart.js
FNF:0
FNH:0
DA:1,1
DA:2,1
DA:3,1
DA:4,1
DA:5,1
DA:6,1
DA:7,1
DA:8,1
DA:9,1
DA:10,1
DA:11,1
DA:12,1
DA:13,1
DA:14,1
DA:15,1
DA:16,1
DA:17,1
DA:18,1
DA:19,1
DA:20,1
DA:21,1
DA:22,1
DA:23,1
DA:24,1
DA:25,1
DA:26,1
DA:27,1
DA:28,1
DA:29,1
DA:30,1
DA:31,1
LF:31
LH:31
BRF:0
BRH:0
end_of_record
