TN:
SF:app.js
FNF:0
FNH:0
DA:1,1
DA:2,1
DA:3,1
DA:4,1
DA:5,1
DA:6,1
DA:7,1
DA:8,1
DA:9,1
DA:10,1
DA:11,1
DA:12,1
LF:12
LH:12
BRDA:4,0,0,0
BRF:1
BRH:0
end_of_record
TN:
SF:controller/product.js
FN:4,getProducts
FN:14,getProductById
FN:24,postProduct
FN:35,putProduct
FN:53,deleteProduct
FNF:5
FNH:5
FNDA:2,getProducts
FNDA:1,getProductById
FNDA:1,postProduct
FNDA:2,putProduct
FNDA:1,deleteProduct
DA:1,1
DA:2,1
DA:3,1
DA:4,1
DA:5,2
DA:6,2
DA:7,2
DA:8,2
DA:9,2
DA:10,0
DA:11,0
DA:12,2
DA:13,1
DA:14,1
DA:15,1
DA:16,1
DA:17,1
DA:18,1
DA:19,1
DA:20,0
DA:21,0
DA:22,1
DA:23,1
DA:24,1
DA:25,1
DA:26,1
DA:27,1
DA:28,1
DA:29,1
DA:30,1
DA:31,0
DA:32,0
DA:33,1
DA:34,1
DA:35,1
DA:36,2
DA:37,2
DA:38,2
DA:39,2
DA:40,2
DA:41,2
DA:42,2
DA:43,1
DA:44,1
DA:45,1
DA:46,1
DA:47,1
DA:48,1
DA:49,1
DA:50,1
DA:51,2
DA:52,1
DA:53,1
DA:54,1
DA:55,1
DA:56,1
DA:57,1
DA:58,1
DA:59,0
DA:60,0
DA:61,1
LF:61
LH:53
BRDA:4,0,0,2
BRDA:9,1,0,0
BRDA:14,2,0,1
BRDA:19,3,0,0
BRDA:24,4,0,1
BRDA:30,5,0,0
BRDA:35,6,0,2
BRDA:42,7,0,1
BRDA:53,8,0,1
BRDA:58,9,0,0
BRF:10
BRH:6
end_of_record
TN:
SF:controller/shoppingCart.js
FN:4,getCartById
FN:14,postCart
FN:25,postProductByCartId
FNF:3
FNH:0
FNDA:0,getCartById
FNDA:0,postCart
FNDA:0,postProductByCartId
DA:1,1
DA:2,1
DA:3,1
DA:4,1
DA:5,0
DA:6,0
DA:7,0
DA:8,0
DA:9,0
DA:10,0
DA:11,0
DA:12,0
DA:13,1
DA:14,1
DA:15,0
DA:16,0
DA:17,0
DA:18,0
DA:19,0
DA:20,0
DA:21,0
DA:22,0
DA:23,0
DA:24,1
DA:25,1
DA:26,0
DA:27,0
DA:28,0
DA:29,0
DA:30,0
DA:31,0
DA:32,0
DA:33,0
DA:34,0
DA:35,0
DA:36,0
DA:37,0
LF:37
LH:8
BRF:0
BRH:0
end_of_record
TN:
SF:database/config.js
FN:3,dbConnection
FNF:1
FNH:1
FNDA:3,dbConnection
DA:1,1
DA:2,1
DA:3,1
DA:4,3
DA:5,3
DA:6,3
DA:7,3
DA:8,2
DA:9,3
DA:10,1
DA:11,1
DA:12,1
DA:13,3
LF:13
LH:13
BRDA:3,0,0,3
BRDA:7,1,0,2
BRDA:9,2,0,1
BRF:3
BRH:3
end_of_record
TN:
SF:helpers/dbValidators.js
FN:4,codeExist
FN:13,productExist
FN:22,cartExist
FNF:3
FNH:3
FNDA:3,codeExist
FNDA:8,productExist
FNDA:1,cartExist
DA:1,1
DA:2,1
DA:3,1
DA:4,1
DA:5,3
DA:6,3
DA:7,3
DA:8,3
DA:9,1
DA:10,1
DA:11,3
DA:12,1
DA:13,1
DA:14,8
DA:15,8
DA:16,8
DA:17,8
DA:18,3
DA:19,3
DA:20,8
DA:21,1
DA:22,1
DA:23,1
DA:24,1
DA:25,1
DA:26,1
DA:27,1
DA:28,1
DA:29,1
LF:29
LH:29
BRDA:4,0,0,3
BRDA:7,1,0,1
BRDA:8,2,0,1
BRDA:13,3,0,8
BRDA:15,4,0,6
BRDA:16,5,0,1
BRDA:17,6,0,3
BRDA:22,7,0,1
BRF:8
BRH:8
end_of_record
TN:
SF:middlewares/inputsValidate.js
FN:3,inputsValidation
FNF:1
FNH:1
FNDA:9,inputsValidation
DA:1,1
DA:2,1
DA:3,1
DA:4,9
DA:5,9
DA:6,5
DA:7,5
DA:8,1
DA:9,1
LF:9
LH:9
BRDA:3,0,0,9
BRDA:5,1,0,4
BRDA:5,2,0,5
BRF:3
BRH:3
end_of_record
TN:
SF:models/productManager.js
FNF:0
FNH:0
DA:1,1
DA:2,1
DA:3,1
DA:4,1
DA:5,1
DA:6,1
DA:7,1
DA:8,1
DA:9,1
DA:10,1
DA:11,1
DA:12,1
DA:13,1
DA:14,1
DA:15,1
DA:16,1
DA:17,1
DA:18,1
DA:19,1
DA:20,1
DA:21,1
DA:22,1
DA:23,1
DA:24,1
DA:25,1
DA:26,1
DA:27,1
DA:28,1
DA:29,1
DA:30,1
DA:31,1
DA:32,1
DA:33,1
DA:34,1
DA:35,1
DA:36,1
DA:37,1
DA:38,1
DA:39,1
LF:39
LH:39
BRF:0
BRH:0
end_of_record
TN:
SF:models/server.js
FN:7,Server
FN:17,connectDB
FN:21,middlewares
FN:27,routes
FN:32,start
FN:38,close
FNF:6
FNH:6
FNDA:2,Server
FNDA:2,connectDB
FNDA:2,middlewares
FNDA:2,routes
FNDA:2,start
FNDA:2,close
DA:1,1
DA:2,1
DA:3,1
DA:4,1
DA:5,1
DA:6,1
DA:7,1
DA:8,2
DA:9,2
DA:10,2
DA:11,2
DA:12,2
DA:13,2
DA:14,2
DA:15,2
DA:16,1
DA:17,1
DA:18,2
DA:19,2
DA:20,1
DA:21,1
DA:22,2
DA:23,2
DA:24,2
DA:25,2
DA:26,1
DA:27,1
DA:28,2
DA:29,2
DA:30,2
DA:31,1
DA:32,1
DA:33,2
DA:34,2
DA:35,2
DA:36,2
DA:37,1
DA:38,1
DA:39,2
DA:40,2
DA:41,1
DA:42,1
DA:43,1
LF:43
LH:43
BRDA:7,0,0,2
BRDA:17,1,0,2
BRDA:21,2,0,2
BRDA:27,3,0,2
BRDA:32,4,0,2
BRDA:33,5,0,2
BRDA:38,6,0,2
BRF:7
BRH:7
end_of_record
TN:
SF:models/shoppingCartManager.js
FNF:0
FNH:0
DA:1,1
DA:2,1
DA:3,1
DA:4,1
DA:5,1
DA:6,1
DA:7,1
DA:8,1
DA:9,1
DA:10,1
DA:11,1
DA:12,1
DA:13,1
DA:14,1
DA:15,1
DA:16,1
DA:17,1
DA:18,1
DA:19,1
DA:20,1
LF:20
LH:20
BRF:0
BRH:0
end_of_record
TN:
SF:routes/index.js
FNF:0
FNH:0
DA:1,1
DA:2,1
DA:3,1
DA:4,1
LF:4
LH:4
BRF:0
BRH:0
end_of_record
TN:
SF:routes/products.js
FNF:0
FNH:0
DA:1,1
DA:2,1
DA:3,1
DA:4,1
DA:5,1
DA:6,1
DA:7,1
DA:8,1
DA:9,1
DA:10,1
DA:11,1
DA:12,1
DA:13,1
DA:14,1
DA:15,1
DA:16,1
DA:17,1
DA:18,1
DA:19,1
DA:20,1
DA:21,1
DA:22,1
DA:23,1
DA:24,1
DA:25,1
DA:26,1
DA:27,1
DA:28,1
DA:29,1
DA:30,1
DA:31,1
DA:32,1
DA:33,1
DA:34,1
DA:35,1
DA:36,1
DA:37,1
DA:38,1
DA:39,1
DA:40,1
DA:41,1
DA:42,1
DA:43,1
LF:43
LH:43
BRF:0
BRH:0
end_of_record
TN:
SF:routes/shoppingCart.js
FNF:0
FNH:0
DA:1,1
DA:2,1
DA:3,1
DA:4,1
DA:5,1
DA:6,1
DA:7,1
DA:8,1
DA:9,1
DA:10,1
DA:11,1
DA:12,1
DA:13,1
DA:14,1
DA:15,1
DA:16,1
DA:17,1
DA:18,1
DA:19,1
DA:20,1
DA:21,1
DA:22,1
DA:23,1
DA:24,1
DA:25,1
DA:26,1
DA:27,1
DA:28,1
DA:29,1
DA:30,1
LF:30
LH:30
BRF:0
BRH:0
end_of_record
