TN:
SF:app.js
FNF:0
FNH:0
DA:1,1
DA:2,1
DA:3,1
DA:4,1
DA:5,1
DA:6,1
DA:7,1
DA:8,1
DA:9,1
DA:10,1
DA:11,1
DA:12,1
LF:12
LH:12
BRDA:4,0,0,0
BRF:1
BRH:0
end_of_record
TN:
SF:controller/product.js
FN:4,getProducts
FN:14,getProductById
FN:24,postProduct
FN:35,putProduct
FN:53,deleteProduct
FNF:5
FNH:5
FNDA:2,getProducts
FNDA:1,getProductById
FNDA:1,postProduct
FNDA:2,putProduct
FNDA:1,deleteProduct
DA:1,1
DA:2,1
DA:3,1
DA:4,1
DA:5,2
DA:6,2
DA:7,2
DA:8,2
DA:9,2
DA:10,0
DA:11,0
DA:12,2
DA:13,1
DA:14,1
DA:15,1
DA:16,1
DA:17,1
DA:18,1
DA:19,1
DA:20,0
DA:21,0
DA:22,1
DA:23,1
DA:24,1
DA:25,1
DA:26,1
DA:27,1
DA:28,1
DA:29,1
DA:30,1
DA:31,0
DA:32,0
DA:33,1
DA:34,1
DA:35,1
DA:36,2
DA:37,2
DA:38,2
DA:39,2
DA:40,2
DA:41,2
DA:42,2
DA:43,1
DA:44,1
DA:45,1
DA:46,1
DA:47,1
DA:48,1
DA:49,1
DA:50,1
DA:51,2
DA:52,1
DA:53,1
DA:54,1
DA:55,1
DA:56,1
DA:57,1
DA:58,1
DA:59,0
DA:60,0
DA:61,1
LF:61
LH:53
BRDA:4,0,0,2
BRDA:9,1,0,0
BRDA:14,2,0,1
BRDA:19,3,0,0
BRDA:24,4,0,1
BRDA:30,5,0,0
BRDA:35,6,0,2
BRDA:42,7,0,1
BRDA:53,8,0,1
BRDA:58,9,0,0
BRF:10
BRH:6
end_of_record
TN:
SF:controller/shoppingCart.js
FN:4,getCartById
FN:14,postCart
FN:25,postProductByCartId
FNF:3
FNH:3
FNDA:1,getCartById
FNDA:1,postCart
FNDA:2,postProductByCartId
DA:1,1
DA:2,1
DA:3,1
DA:4,1
DA:5,1
DA:6,1
DA:7,1
DA:8,1
DA:9,1
DA:10,0
DA:11,0
DA:12,1
DA:13,1
DA:14,1
DA:15,1
DA:16,1
DA:17,1
DA:18,1
DA:19,1
DA:20,1
DA:21,0
DA:22,0
DA:23,1
DA:24,1
DA:25,1
DA:26,2
DA:27,2
DA:28,2
DA:29,2
DA:30,2
DA:31,2
DA:32,2
DA:33,2
DA:34,0
DA:35,0
DA:36,2
LF:36
LH:30
BRDA:4,0,0,1
BRDA:9,1,0,0
BRDA:14,2,0,1
BRDA:20,3,0,0
BRDA:25,4,0,2
BRDA:30,5,0,1
BRDA:30,6,0,1
BRDA:33,7,0,0
BRDA:29,8,0,2
BRF:9
BRH:6
end_of_record
TN:
SF:database/config.js
FN:3,dbConnection
FNF:1
FNH:1
FNDA:4,dbConnection
DA:1,1
DA:2,1
DA:3,1
DA:4,4
DA:5,4
DA:6,4
DA:7,4
DA:8,3
DA:9,4
DA:10,1
DA:11,1
DA:12,1
DA:13,4
LF:13
LH:13
BRDA:3,0,0,4
BRDA:7,1,0,3
BRDA:9,2,0,1
BRF:3
BRH:3
end_of_record
TN:
SF:helpers/dbValidators.js
FN:4,codeExist
FN:13,productExist
FN:22,cartExist
FNF:3
FNH:3
FNDA:3,codeExist
FNDA:10,productExist
FNDA:5,cartExist
DA:1,1
DA:2,1
DA:3,1
DA:4,1
DA:5,3
DA:6,3
DA:7,3
DA:8,3
DA:9,1
DA:10,1
DA:11,3
DA:12,1
DA:13,1
DA:14,10
DA:15,10
DA:16,10
DA:17,10
DA:18,3
DA:19,3
DA:20,10
DA:21,1
DA:22,1
DA:23,5
DA:24,5
DA:25,5
DA:26,5
DA:27,2
DA:28,2
DA:29,5
LF:29
LH:29
BRDA:4,0,0,3
BRDA:7,1,0,1
BRDA:8,2,0,1
BRDA:13,3,0,10
BRDA:15,4,0,9
BRDA:16,5,0,2
BRDA:17,6,0,3
BRDA:22,7,0,5
BRDA:25,8,0,2
BRDA:26,9,0,2
BRF:10
BRH:10
end_of_record
TN:
SF:middlewares/inputsValidate.js
FN:3,inputsValidation
FNF:1
FNH:1
FNDA:14,inputsValidation
DA:1,1
DA:2,1
DA:3,1
DA:4,14
DA:5,14
DA:6,9
DA:7,9
DA:8,1
DA:9,1
LF:9
LH:9
BRDA:3,0,0,14
BRDA:5,1,0,5
BRDA:5,2,0,9
BRF:3
BRH:3
end_of_record
TN:
SF:models/productManager.js
FNF:0
FNH:0
DA:1,1
DA:2,1
DA:3,1
DA:4,1
DA:5,1
DA:6,1
DA:7,1
DA:8,1
DA:9,1
DA:10,1
DA:11,1
DA:12,1
DA:13,1
DA:14,1
DA:15,1
DA:16,1
DA:17,1
DA:18,1
DA:19,1
DA:20,1
DA:21,1
DA:22,1
DA:23,1
DA:24,1
DA:25,1
DA:26,1
DA:27,1
DA:28,1
DA:29,1
DA:30,1
DA:31,1
DA:32,1
DA:33,1
DA:34,1
DA:35,1
DA:36,1
DA:37,1
DA:38,1
DA:39,1
LF:39
LH:39
BRF:0
BRH:0
end_of_record
TN:
SF:models/server.js
FN:7,Server
FN:17,connectDB
FN:21,middlewares
FN:27,routes
FN:32,start
FN:38,close
FNF:6
FNH:6
FNDA:3,Server
FNDA:3,connectDB
FNDA:3,middlewares
FNDA:3,routes
FNDA:3,start
FNDA:3,close
DA:1,1
DA:2,1
DA:3,1
DA:4,1
DA:5,1
DA:6,1
DA:7,1
DA:8,3
DA:9,3
DA:10,3
DA:11,3
DA:12,3
DA:13,3
DA:14,3
DA:15,3
DA:16,1
DA:17,1
DA:18,3
DA:19,3
DA:20,1
DA:21,1
DA:22,3
DA:23,3
DA:24,3
DA:25,3
DA:26,1
DA:27,1
DA:28,3
DA:29,3
DA:30,3
DA:31,1
DA:32,1
DA:33,3
DA:34,3
DA:35,3
DA:36,3
DA:37,1
DA:38,1
DA:39,3
DA:40,3
DA:41,1
DA:42,1
DA:43,1
LF:43
LH:43
BRDA:7,0,0,3
BRDA:17,1,0,3
BRDA:21,2,0,3
BRDA:27,3,0,3
BRDA:32,4,0,3
BRDA:33,5,0,3
BRDA:38,6,0,3
BRF:7
BRH:7
end_of_record
TN:
SF:models/shoppingCartManager.js
FNF:0
FNH:0
DA:1,1
DA:2,1
DA:3,1
DA:4,1
DA:5,1
DA:6,1
DA:7,1
DA:8,1
DA:9,1
DA:10,1
DA:11,1
DA:12,1
DA:13,1
DA:14,1
DA:15,1
DA:16,1
DA:17,1
DA:18,1
DA:19,1
DA:20,1
LF:20
LH:20
BRF:0
BRH:0
end_of_record
TN:
SF:routes/index.js
FNF:0
FNH:0
DA:1,1
DA:2,1
DA:3,1
DA:4,1
LF:4
LH:4
BRF:0
BRH:0
end_of_record
TN:
SF:routes/products.js
FNF:0
FNH:0
DA:1,1
DA:2,1
DA:3,1
DA:4,1
DA:5,1
DA:6,1
DA:7,1
DA:8,1
DA:9,1
DA:10,1
DA:11,1
DA:12,1
DA:13,1
DA:14,1
DA:15,1
DA:16,1
DA:17,1
DA:18,1
DA:19,1
DA:20,1
DA:21,1
DA:22,1
DA:23,1
DA:24,1
DA:25,1
DA:26,1
DA:27,1
DA:28,1
DA:29,1
DA:30,1
DA:31,1
DA:32,1
DA:33,1
DA:34,1
DA:35,1
DA:36,1
DA:37,1
DA:38,1
DA:39,1
DA:40,1
DA:41,1
DA:42,1
DA:43,1
LF:43
LH:43
BRF:0
BRH:0
end_of_record
TN:
SF:routes/shoppingCart.js
FNF:0
FNH:0
DA:1,1
DA:2,1
DA:3,1
DA:4,1
DA:5,1
DA:6,1
DA:7,1
DA:8,1
DA:9,1
DA:10,1
DA:11,1
DA:12,1
DA:13,1
DA:14,1
DA:15,1
DA:16,1
DA:17,1
DA:18,1
DA:19,1
DA:20,1
DA:21,1
DA:22,1
DA:23,1
DA:24,1
DA:25,1
DA:26,1
DA:27,1
DA:28,1
DA:29,1
DA:30,1
DA:31,1
LF:31
LH:31
BRF:0
BRH:0
end_of_record
